INFO 2024-12-30 16:22:17,135 sync 22364 20576 开始同步第 1 页数据
INFO 2024-12-30 16:22:17,136 sync 22364 20576 生成签名成功: params={'appName': 'mathmagic', 'sid': 'mathmagic', 'sign': 'c2c1b625b6a2fa6f029f5441ee8ab01c', 'timestamp': '1735546937'}
INFO 2024-12-30 16:22:17,136 sync 22364 20576 尝试第 1 次请求API
INFO 2024-12-30 16:22:17,493 sync 22364 20576 成功获取数据: 总数=1496, 当前页=1
INFO 2024-12-30 16:22:35,005 sync 22364 20576 开始同步第 2 页数据
INFO 2024-12-30 16:22:35,005 sync 22364 20576 生成签名成功: params={'appName': 'mathmagic', 'sid': 'mathmagic', 'sign': '73c743c799f62fc94faad1f214108067', 'timestamp': '1735546955'}
INFO 2024-12-30 16:22:35,005 sync 22364 20576 尝试第 1 次请求API
INFO 2024-12-30 16:22:35,314 sync 22364 20576 成功获取数据: 总数=1496, 当前页=2
INFO 2024-12-30 16:22:48,756 sync 22364 20576 开始同步第 3 页数据
INFO 2024-12-30 16:22:48,756 sync 22364 20576 生成签名成功: params={'appName': 'mathmagic', 'sid': 'mathmagic', 'sign': 'e3e6bbd69d433904b7139d5fd0533066', 'timestamp': '1735546968'}
INFO 2024-12-30 16:22:48,756 sync 22364 20576 尝试第 1 次请求API
INFO 2024-12-30 16:22:49,061 sync 22364 20576 成功获取数据: 总数=1496, 当前页=3
INFO 2024-12-30 16:23:00,623 sync 22364 20576 开始同步第 4 页数据
INFO 2024-12-30 16:23:00,623 sync 22364 20576 生成签名成功: params={'appName': 'mathmagic', 'sid': 'mathmagic', 'sign': 'fe37ac952a3db9f1717784b5cbf01e6e', 'timestamp': '1735546980'}
INFO 2024-12-30 16:23:00,623 sync 22364 20576 尝试第 1 次请求API
INFO 2024-12-30 16:23:00,922 sync 22364 20576 成功获取数据: 总数=1496, 当前页=4
INFO 2024-12-30 16:23:14,723 sync 22364 20576 开始同步第 5 页数据
INFO 2024-12-30 16:23:14,723 sync 22364 20576 生成签名成功: params={'appName': 'mathmagic', 'sid': 'mathmagic', 'sign': '78a174a9107b3bf2923d9edc2fd38f49', 'timestamp': '1735546994'}
INFO 2024-12-30 16:23:14,723 sync 22364 20576 尝试第 1 次请求API
INFO 2024-12-30 16:23:15,048 sync 22364 20576 成功获取数据: 总数=1496, 当前页=5
INFO 2024-12-30 16:26:36,333 sync 5380 16584 开始同步第 1 页数据
INFO 2024-12-30 16:26:36,333 sync 5380 16584 生成签名成功: params={'appName': 'mathmagic', 'sid': 'mathmagic', 'sign': '9224a025ddabfcef9be2c1ea7dacb05b', 'timestamp': '1735547196'}
INFO 2024-12-30 16:26:36,334 sync 5380 16584 尝试第 1 次请求API
INFO 2024-12-30 16:26:36,677 sync 5380 16584 成功获取数据: 总数=135, 当前页=1
INFO 2024-12-30 16:26:54,030 sync 5380 16584 开始同步第 2 页数据
INFO 2024-12-30 16:26:54,030 sync 5380 16584 生成签名成功: params={'appName': 'mathmagic', 'sid': 'mathmagic', 'sign': '3cfab63eb7be7fc27fd1b5e239a907b0', 'timestamp': '1735547214'}
INFO 2024-12-30 16:26:54,030 sync 5380 16584 尝试第 1 次请求API
INFO 2024-12-30 16:26:54,275 sync 5380 16584 成功获取数据: 总数=135, 当前页=2
INFO 2024-12-30 16:26:57,306 sync 5380 16584 同步完成，共更新 135 条记录
INFO 2024-12-30 16:27:30,025 sync 14508 17404 开始同步第 1 页数据
INFO 2024-12-30 16:27:30,026 sync 14508 17404 生成签名成功: params={'appName': 'mathmagic', 'sid': 'mathmagic', 'sign': 'dbe878c6316442948498258bdbe1721e', 'timestamp': '1735547250'}
INFO 2024-12-30 16:27:30,026 sync 14508 17404 尝试第 1 次请求API
INFO 2024-12-30 16:27:30,336 sync 14508 17404 成功获取数据: 总数=135, 当前页=1
INFO 2024-12-30 16:27:46,146 sync 22620 22496 开始同步第 1 页数据
INFO 2024-12-30 16:27:46,147 sync 22620 22496 生成签名成功: params={'appName': 'mathmagic', 'sid': 'mathmagic', 'sign': '56a41371866ab9b20a59af5c3e12e1cb', 'timestamp': '1735547266'}
INFO 2024-12-30 16:27:46,147 sync 22620 22496 尝试第 1 次请求API
INFO 2024-12-30 16:27:46,474 sync 22620 22496 成功获取数据: 总数=135, 当前页=1
INFO 2024-12-30 16:28:02,715 sync 22620 22496 开始同步第 2 页数据
INFO 2024-12-30 16:28:02,715 sync 22620 22496 生成签名成功: params={'appName': 'mathmagic', 'sid': 'mathmagic', 'sign': '400c71dffb65d10201b50430c8c5b6c2', 'timestamp': '1735547282'}
INFO 2024-12-30 16:28:02,715 sync 22620 22496 尝试第 1 次请求API
INFO 2024-12-30 16:28:02,949 sync 22620 22496 成功获取数据: 总数=135, 当前页=2
INFO 2024-12-30 16:28:05,485 sync 22620 22496 同步完成，共更新 135 条记录
INFO 2025-01-02 10:05:52,003 sync 17448 2872 开始同步第 1 页数据
INFO 2025-01-02 10:05:52,005 sync 17448 2872 生成签名成功: params={'appName': 'mathmagic', 'sid': 'mathmagic', 'sign': '87c378a92f1a3e9db7dd99e4a3e6c769', 'timestamp': '1735783552'}
INFO 2025-01-02 10:05:52,006 sync 17448 2872 尝试第 1 次请求API
INFO 2025-01-02 10:05:52,248 sync 17448 2872 成功获取数据: 总数=4, 当前页=1
INFO 2025-01-02 10:05:52,666 sync 17448 2872 同步完成，共更新 4 条记录
INFO 2025-01-02 10:10:13,819 sync 17448 2872 开始同步第 1 页数据
INFO 2025-01-02 10:10:13,819 sync 17448 2872 生成签名成功: params={'appName': 'mathmagic', 'sid': 'mathmagic', 'sign': '8c865ad810afb4bf29a74106d082d1f8', 'timestamp': '1735783813'}
INFO 2025-01-02 10:10:13,819 sync 17448 2872 尝试第 1 次请求API
INFO 2025-01-02 10:10:14,014 sync 17448 2872 成功获取数据: 总数=2, 当前页=1
INFO 2025-01-02 10:10:14,178 sync 17448 2872 同步完成，共更新 2 条记录
INFO 2025-01-02 10:19:04,059 sync 17448 13792 开始同步第 1 页数据
INFO 2025-01-02 10:19:04,059 sync 17448 13792 生成签名成功: params={'appName': 'mathmagic', 'sid': 'mathmagic', 'sign': '661c590a084965df412d51698908f9d3', 'timestamp': '1735784344'}
INFO 2025-01-02 10:19:04,059 sync 17448 13792 尝试第 1 次请求API
INFO 2025-01-02 10:19:04,248 sync 17448 13792 成功获取数据: 总数=6, 当前页=1
INFO 2025-01-02 10:19:04,693 sync 17448 13792 同步完成，共更新 6 条记录
